<?xml version="1.0" encoding="UTF-8"?>
<TestRun id="aedd3040-2e8b-424e-accb-2a408504ccaf" name="UKRGOKM@MM5438 2013-02-18 21:36:00" runUser="CORP\UKRGOKM" xmlns="http://microsoft.com/schemas/VisualStudio/TeamTest/2010">
  <TestSettings name="Local" id="503acf7b-43d1-4700-a4bc-680fdf9e7651">
    <Description>These are default test settings for a local test run.</Description>
    <Deployment enabled="false" runDeploymentRoot="UKRGOKM_MM5438 2013-02-18 21_36_00">
      <DeploymentItem filename="C:\Dev\CheckoutKata\CheckoutKata\bin\Debug\CheckoutKata.dll" />
    </Deployment>
    <Execution>
      <TestTypeSpecific />
      <AgentRule name="Execution Agents">
      </AgentRule>
    </Execution>
  </TestSettings>
  <Times creation="2013-02-18T21:36:00.1556131+00:00" queuing="2013-02-18T21:36:00.1926152+00:00" start="2013-02-18T21:36:00.1966154+00:00" finish="2013-02-18T21:36:00.3666252+00:00" />
  <ResultSummary outcome="Completed">
    <Counters total="5" executed="5" passed="5" error="0" failed="0" timeout="0" aborted="0" inconclusive="0" passedButRunAborted="0" notRunnable="0" notExecuted="0" disconnected="0" warning="0" completed="0" inProgress="0" pending="0" />
  </ResultSummary>
  <TestDefinitions>
    <UnitTest name="GetPriceWhenScannedTwoItemsReturnsPrice" storage="c:\dev\checkoutkata\checkoutkata_test\bin\debug\checkoutkata_test.dll" id="027db3c8-59cc-9b4c-7c1f-1dab22c9abb0">
      <Execution id="ba6507a4-9595-4e63-851a-3fa8a93384ba" />
      <TestMethod codeBase="C:/Dev/CheckoutKata/CheckoutKata_Test/bin/Debug/CheckoutKata_Test.DLL" adapterTypeName="Microsoft.VisualStudio.TestTools.TestTypes.Unit.UnitTestAdapter, Microsoft.VisualStudio.QualityTools.Tips.UnitTest.Adapter, Version=10.0.0.0, Culture=neutral, PublicKeyToken=b03f5f7f11d50a3a" className="CheckoutKata_Test.SimpleCheckoutTests, CheckoutKata_Test, Version=1.0.0.0, Culture=neutral, PublicKeyToken=null" name="GetPriceWhenScannedTwoItemsReturnsPrice" />
    </UnitTest>
    <UnitTest name="GetPriceWhenSingleItemScannedReturnsPrice" storage="c:\dev\checkoutkata\checkoutkata_test\bin\debug\checkoutkata_test.dll" id="257bc96f-2495-c94b-06a9-bc705381c5fd">
      <Execution id="00ac4e7f-f983-4500-baf1-c3306f7ef545" />
      <TestMethod codeBase="C:/Dev/CheckoutKata/CheckoutKata_Test/bin/Debug/CheckoutKata_Test.DLL" adapterTypeName="Microsoft.VisualStudio.TestTools.TestTypes.Unit.UnitTestAdapter, Microsoft.VisualStudio.QualityTools.Tips.UnitTest.Adapter, Version=10.0.0.0, Culture=neutral, PublicKeyToken=b03f5f7f11d50a3a" className="CheckoutKata_Test.SimpleCheckoutTests, CheckoutKata_Test, Version=1.0.0.0, Culture=neutral, PublicKeyToken=null" name="GetPriceWhenSingleItemScannedReturnsPrice" />
    </UnitTest>
    <UnitTest name="GetPriceWhenNoItemsScannedReturnsZero" storage="c:\dev\checkoutkata\checkoutkata_test\bin\debug\checkoutkata_test.dll" id="107f5601-136b-014b-db20-1b0659491897">
      <Execution id="b8cef693-6883-40af-9eba-3eed66a73a1c" />
      <TestMethod codeBase="C:/Dev/CheckoutKata/CheckoutKata_Test/bin/Debug/CheckoutKata_Test.DLL" adapterTypeName="Microsoft.VisualStudio.TestTools.TestTypes.Unit.UnitTestAdapter, Microsoft.VisualStudio.QualityTools.Tips.UnitTest.Adapter, Version=10.0.0.0, Culture=neutral, PublicKeyToken=b03f5f7f11d50a3a" className="CheckoutKata_Test.SimpleCheckoutTests, CheckoutKata_Test, Version=1.0.0.0, Culture=neutral, PublicKeyToken=null" name="GetPriceWhenNoItemsScannedReturnsZero" />
    </UnitTest>
    <UnitTest name="GetPriceWhenMultibuyDiscountAppliedItemsReturnsPrice" storage="c:\dev\checkoutkata\checkoutkata_test\bin\debug\checkoutkata_test.dll" id="3e1f6a31-17a5-c953-95f1-fdba0354fa37">
      <Execution id="757b9957-973d-4d78-842c-1f864049faf7" />
      <TestMethod codeBase="C:/Dev/CheckoutKata/CheckoutKata_Test/bin/Debug/CheckoutKata_Test.DLL" adapterTypeName="Microsoft.VisualStudio.TestTools.TestTypes.Unit.UnitTestAdapter, Microsoft.VisualStudio.QualityTools.Tips.UnitTest.Adapter, Version=10.0.0.0, Culture=neutral, PublicKeyToken=b03f5f7f11d50a3a" className="CheckoutKata_Test.SimpleCheckoutTests, CheckoutKata_Test, Version=1.0.0.0, Culture=neutral, PublicKeyToken=null" name="GetPriceWhenMultibuyDiscountAppliedItemsReturnsPrice" />
    </UnitTest>
    <UnitTest name="GetPriceWhenMultibuyDiscountAppliedTwiceItemsReturnsPrice" storage="c:\dev\checkoutkata\checkoutkata_test\bin\debug\checkoutkata_test.dll" id="a0ec63a4-2d3e-4efd-40c6-419d82470765">
      <Execution id="3f15f6f8-d969-4f64-be79-227cdfca9065" />
      <TestMethod codeBase="C:/Dev/CheckoutKata/CheckoutKata_Test/bin/Debug/CheckoutKata_Test.DLL" adapterTypeName="Microsoft.VisualStudio.TestTools.TestTypes.Unit.UnitTestAdapter, Microsoft.VisualStudio.QualityTools.Tips.UnitTest.Adapter, Version=10.0.0.0, Culture=neutral, PublicKeyToken=b03f5f7f11d50a3a" className="CheckoutKata_Test.SimpleCheckoutTests, CheckoutKata_Test, Version=1.0.0.0, Culture=neutral, PublicKeyToken=null" name="GetPriceWhenMultibuyDiscountAppliedTwiceItemsReturnsPrice" />
    </UnitTest>
  </TestDefinitions>
  <TestLists>
    <TestList name="Results Not in a List" id="8c84fa94-04c1-424b-9868-57a2d4851a1d" />
    <TestList name="All Loaded Results" id="19431567-8539-422a-85d7-44ee4e166bda" />
  </TestLists>
  <TestEntries>
    <TestEntry testId="027db3c8-59cc-9b4c-7c1f-1dab22c9abb0" executionId="ba6507a4-9595-4e63-851a-3fa8a93384ba" testListId="8c84fa94-04c1-424b-9868-57a2d4851a1d" />
    <TestEntry testId="107f5601-136b-014b-db20-1b0659491897" executionId="b8cef693-6883-40af-9eba-3eed66a73a1c" testListId="8c84fa94-04c1-424b-9868-57a2d4851a1d" />
    <TestEntry testId="257bc96f-2495-c94b-06a9-bc705381c5fd" executionId="00ac4e7f-f983-4500-baf1-c3306f7ef545" testListId="8c84fa94-04c1-424b-9868-57a2d4851a1d" />
    <TestEntry testId="3e1f6a31-17a5-c953-95f1-fdba0354fa37" executionId="757b9957-973d-4d78-842c-1f864049faf7" testListId="8c84fa94-04c1-424b-9868-57a2d4851a1d" />
    <TestEntry testId="a0ec63a4-2d3e-4efd-40c6-419d82470765" executionId="3f15f6f8-d969-4f64-be79-227cdfca9065" testListId="8c84fa94-04c1-424b-9868-57a2d4851a1d" />
  </TestEntries>
  <Results>
    <UnitTestResult executionId="ba6507a4-9595-4e63-851a-3fa8a93384ba" testId="027db3c8-59cc-9b4c-7c1f-1dab22c9abb0" testName="GetPriceWhenScannedTwoItemsReturnsPrice" computerName="MM5438" duration="00:00:00.0102646" startTime="2013-02-18T21:36:00.1986155+00:00" endTime="2013-02-18T21:36:00.3376235+00:00" testType="13cdc9d9-ddb5-4fa4-a97d-d965ccfc6d4b" outcome="Passed" testListId="8c84fa94-04c1-424b-9868-57a2d4851a1d" relativeResultsDirectory="ba6507a4-9595-4e63-851a-3fa8a93384ba">
    </UnitTestResult>
    <UnitTestResult executionId="b8cef693-6883-40af-9eba-3eed66a73a1c" testId="107f5601-136b-014b-db20-1b0659491897" testName="GetPriceWhenNoItemsScannedReturnsZero" computerName="MM5438" duration="00:00:00.0001684" startTime="2013-02-18T21:36:00.3386236+00:00" endTime="2013-02-18T21:36:00.3416237+00:00" testType="13cdc9d9-ddb5-4fa4-a97d-d965ccfc6d4b" outcome="Passed" testListId="8c84fa94-04c1-424b-9868-57a2d4851a1d" relativeResultsDirectory="b8cef693-6883-40af-9eba-3eed66a73a1c">
    </UnitTestResult>
    <UnitTestResult executionId="00ac4e7f-f983-4500-baf1-c3306f7ef545" testId="257bc96f-2495-c94b-06a9-bc705381c5fd" testName="GetPriceWhenSingleItemScannedReturnsPrice" computerName="MM5438" duration="00:00:00.0001804" startTime="2013-02-18T21:36:00.3436238+00:00" endTime="2013-02-18T21:36:00.3466240+00:00" testType="13cdc9d9-ddb5-4fa4-a97d-d965ccfc6d4b" outcome="Passed" testListId="8c84fa94-04c1-424b-9868-57a2d4851a1d" relativeResultsDirectory="00ac4e7f-f983-4500-baf1-c3306f7ef545">
    </UnitTestResult>
    <UnitTestResult executionId="757b9957-973d-4d78-842c-1f864049faf7" testId="3e1f6a31-17a5-c953-95f1-fdba0354fa37" testName="GetPriceWhenMultibuyDiscountAppliedItemsReturnsPrice" computerName="MM5438" duration="00:00:00.0007427" startTime="2013-02-18T21:36:00.3476241+00:00" endTime="2013-02-18T21:36:00.3526244+00:00" testType="13cdc9d9-ddb5-4fa4-a97d-d965ccfc6d4b" outcome="Passed" testListId="8c84fa94-04c1-424b-9868-57a2d4851a1d" relativeResultsDirectory="757b9957-973d-4d78-842c-1f864049faf7">
    </UnitTestResult>
    <UnitTestResult executionId="3f15f6f8-d969-4f64-be79-227cdfca9065" testId="a0ec63a4-2d3e-4efd-40c6-419d82470765" testName="GetPriceWhenMultibuyDiscountAppliedTwiceItemsReturnsPrice" computerName="MM5438" duration="00:00:00.0001997" startTime="2013-02-18T21:36:00.3536244+00:00" endTime="2013-02-18T21:36:00.3566246+00:00" testType="13cdc9d9-ddb5-4fa4-a97d-d965ccfc6d4b" outcome="Passed" testListId="8c84fa94-04c1-424b-9868-57a2d4851a1d" relativeResultsDirectory="3f15f6f8-d969-4f64-be79-227cdfca9065">
    </UnitTestResult>
  </Results>
</TestRun>