<?xml version="1.0" encoding="UTF-8"?>
<TestRun id="3dab3047-ca61-4b76-b53b-b5fd7eeecc87" name="UKRGOKM@MM5438 2013-02-18 21:21:11" runUser="CORP\UKRGOKM" xmlns="http://microsoft.com/schemas/VisualStudio/TeamTest/2010">
  <TestSettings name="Local" id="503acf7b-43d1-4700-a4bc-680fdf9e7651">
    <Description>These are default test settings for a local test run.</Description>
    <Deployment enabled="false" runDeploymentRoot="UKRGOKM_MM5438 2013-02-18 21_21_11">
      <DeploymentItem filename="C:\Dev\CheckoutKata\CheckoutKata\bin\Debug\CheckoutKata.dll" />
    </Deployment>
    <Execution>
      <TestTypeSpecific />
      <AgentRule name="Execution Agents">
      </AgentRule>
    </Execution>
  </TestSettings>
  <Times creation="2013-02-18T21:21:11.0417587+00:00" queuing="2013-02-18T21:21:11.0817610+00:00" start="2013-02-18T21:21:11.0857612+00:00" finish="2013-02-18T21:21:11.2637714+00:00" />
  <ResultSummary outcome="Completed">
    <Counters total="5" executed="5" passed="5" error="0" failed="0" timeout="0" aborted="0" inconclusive="0" passedButRunAborted="0" notRunnable="0" notExecuted="0" disconnected="0" warning="0" completed="0" inProgress="0" pending="0" />
  </ResultSummary>
  <TestDefinitions>
    <UnitTest name="GetPriceWhenScannedTwoItemsReturnsPrice" storage="c:\dev\checkoutkata\checkoutkata_test\bin\debug\checkoutkata_test.dll" id="027db3c8-59cc-9b4c-7c1f-1dab22c9abb0">
      <Execution id="88e2ac0e-43b8-40cf-8383-045a0db88d9c" />
      <TestMethod codeBase="C:/Dev/CheckoutKata/CheckoutKata_Test/bin/Debug/CheckoutKata_Test.DLL" adapterTypeName="Microsoft.VisualStudio.TestTools.TestTypes.Unit.UnitTestAdapter, Microsoft.VisualStudio.QualityTools.Tips.UnitTest.Adapter, Version=10.0.0.0, Culture=neutral, PublicKeyToken=b03f5f7f11d50a3a" className="CheckoutKata_Test.SimpleCheckoutTests, CheckoutKata_Test, Version=1.0.0.0, Culture=neutral, PublicKeyToken=null" name="GetPriceWhenScannedTwoItemsReturnsPrice" />
    </UnitTest>
    <UnitTest name="GetPriceWhenSingleItemScannedReturnsPrice" storage="c:\dev\checkoutkata\checkoutkata_test\bin\debug\checkoutkata_test.dll" id="257bc96f-2495-c94b-06a9-bc705381c5fd">
      <Execution id="7204f038-5e2b-46b1-9c65-2fad720aaf2c" />
      <TestMethod codeBase="C:/Dev/CheckoutKata/CheckoutKata_Test/bin/Debug/CheckoutKata_Test.DLL" adapterTypeName="Microsoft.VisualStudio.TestTools.TestTypes.Unit.UnitTestAdapter, Microsoft.VisualStudio.QualityTools.Tips.UnitTest.Adapter, Version=10.0.0.0, Culture=neutral, PublicKeyToken=b03f5f7f11d50a3a" className="CheckoutKata_Test.SimpleCheckoutTests, CheckoutKata_Test, Version=1.0.0.0, Culture=neutral, PublicKeyToken=null" name="GetPriceWhenSingleItemScannedReturnsPrice" />
    </UnitTest>
    <UnitTest name="GetPriceWhenNoItemsScannedReturnsZero" storage="c:\dev\checkoutkata\checkoutkata_test\bin\debug\checkoutkata_test.dll" id="107f5601-136b-014b-db20-1b0659491897">
      <Execution id="f75e961e-4829-49ab-b4c3-ff9d106abe85" />
      <TestMethod codeBase="C:/Dev/CheckoutKata/CheckoutKata_Test/bin/Debug/CheckoutKata_Test.DLL" adapterTypeName="Microsoft.VisualStudio.TestTools.TestTypes.Unit.UnitTestAdapter, Microsoft.VisualStudio.QualityTools.Tips.UnitTest.Adapter, Version=10.0.0.0, Culture=neutral, PublicKeyToken=b03f5f7f11d50a3a" className="CheckoutKata_Test.SimpleCheckoutTests, CheckoutKata_Test, Version=1.0.0.0, Culture=neutral, PublicKeyToken=null" name="GetPriceWhenNoItemsScannedReturnsZero" />
    </UnitTest>
    <UnitTest name="GetPriceWhenMultibuyDiscountAppliedItemsReturnsPrice" storage="c:\dev\checkoutkata\checkoutkata_test\bin\debug\checkoutkata_test.dll" id="3e1f6a31-17a5-c953-95f1-fdba0354fa37">
      <Execution id="1cbb4fd5-bf8c-48b9-840b-0593c9572412" />
      <TestMethod codeBase="C:/Dev/CheckoutKata/CheckoutKata_Test/bin/Debug/CheckoutKata_Test.DLL" adapterTypeName="Microsoft.VisualStudio.TestTools.TestTypes.Unit.UnitTestAdapter, Microsoft.VisualStudio.QualityTools.Tips.UnitTest.Adapter, Version=10.0.0.0, Culture=neutral, PublicKeyToken=b03f5f7f11d50a3a" className="CheckoutKata_Test.SimpleCheckoutTests, CheckoutKata_Test, Version=1.0.0.0, Culture=neutral, PublicKeyToken=null" name="GetPriceWhenMultibuyDiscountAppliedItemsReturnsPrice" />
    </UnitTest>
    <UnitTest name="GetPriceWhenMultibuyDiscountAppliedTwiceItemsReturnsPrice" storage="c:\dev\checkoutkata\checkoutkata_test\bin\debug\checkoutkata_test.dll" id="a0ec63a4-2d3e-4efd-40c6-419d82470765">
      <Execution id="18891cf3-003b-4045-8ee1-eb7c6fbca783" />
      <TestMethod codeBase="C:/Dev/CheckoutKata/CheckoutKata_Test/bin/Debug/CheckoutKata_Test.DLL" adapterTypeName="Microsoft.VisualStudio.TestTools.TestTypes.Unit.UnitTestAdapter, Microsoft.VisualStudio.QualityTools.Tips.UnitTest.Adapter, Version=10.0.0.0, Culture=neutral, PublicKeyToken=b03f5f7f11d50a3a" className="CheckoutKata_Test.SimpleCheckoutTests, CheckoutKata_Test, Version=1.0.0.0, Culture=neutral, PublicKeyToken=null" name="GetPriceWhenMultibuyDiscountAppliedTwiceItemsReturnsPrice" />
    </UnitTest>
  </TestDefinitions>
  <TestLists>
    <TestList name="Results Not in a List" id="8c84fa94-04c1-424b-9868-57a2d4851a1d" />
    <TestList name="All Loaded Results" id="19431567-8539-422a-85d7-44ee4e166bda" />
  </TestLists>
  <TestEntries>
    <TestEntry testId="027db3c8-59cc-9b4c-7c1f-1dab22c9abb0" executionId="88e2ac0e-43b8-40cf-8383-045a0db88d9c" testListId="8c84fa94-04c1-424b-9868-57a2d4851a1d" />
    <TestEntry testId="107f5601-136b-014b-db20-1b0659491897" executionId="f75e961e-4829-49ab-b4c3-ff9d106abe85" testListId="8c84fa94-04c1-424b-9868-57a2d4851a1d" />
    <TestEntry testId="257bc96f-2495-c94b-06a9-bc705381c5fd" executionId="7204f038-5e2b-46b1-9c65-2fad720aaf2c" testListId="8c84fa94-04c1-424b-9868-57a2d4851a1d" />
    <TestEntry testId="3e1f6a31-17a5-c953-95f1-fdba0354fa37" executionId="1cbb4fd5-bf8c-48b9-840b-0593c9572412" testListId="8c84fa94-04c1-424b-9868-57a2d4851a1d" />
    <TestEntry testId="a0ec63a4-2d3e-4efd-40c6-419d82470765" executionId="18891cf3-003b-4045-8ee1-eb7c6fbca783" testListId="8c84fa94-04c1-424b-9868-57a2d4851a1d" />
  </TestEntries>
  <Results>
    <UnitTestResult executionId="88e2ac0e-43b8-40cf-8383-045a0db88d9c" testId="027db3c8-59cc-9b4c-7c1f-1dab22c9abb0" testName="GetPriceWhenScannedTwoItemsReturnsPrice" computerName="MM5438" duration="00:00:00.0154603" startTime="2013-02-18T21:21:11.0877613+00:00" endTime="2013-02-18T21:21:11.2337697+00:00" testType="13cdc9d9-ddb5-4fa4-a97d-d965ccfc6d4b" outcome="Passed" testListId="8c84fa94-04c1-424b-9868-57a2d4851a1d" relativeResultsDirectory="88e2ac0e-43b8-40cf-8383-045a0db88d9c">
    </UnitTestResult>
    <UnitTestResult executionId="f75e961e-4829-49ab-b4c3-ff9d106abe85" testId="107f5601-136b-014b-db20-1b0659491897" testName="GetPriceWhenNoItemsScannedReturnsZero" computerName="MM5438" duration="00:00:00.0001629" startTime="2013-02-18T21:21:11.2357698+00:00" endTime="2013-02-18T21:21:11.2387700+00:00" testType="13cdc9d9-ddb5-4fa4-a97d-d965ccfc6d4b" outcome="Passed" testListId="8c84fa94-04c1-424b-9868-57a2d4851a1d" relativeResultsDirectory="f75e961e-4829-49ab-b4c3-ff9d106abe85">
    </UnitTestResult>
    <UnitTestResult executionId="7204f038-5e2b-46b1-9c65-2fad720aaf2c" testId="257bc96f-2495-c94b-06a9-bc705381c5fd" testName="GetPriceWhenSingleItemScannedReturnsPrice" computerName="MM5438" duration="00:00:00.0001808" startTime="2013-02-18T21:21:11.2407701+00:00" endTime="2013-02-18T21:21:11.2437702+00:00" testType="13cdc9d9-ddb5-4fa4-a97d-d965ccfc6d4b" outcome="Passed" testListId="8c84fa94-04c1-424b-9868-57a2d4851a1d" relativeResultsDirectory="7204f038-5e2b-46b1-9c65-2fad720aaf2c">
    </UnitTestResult>
    <UnitTestResult executionId="1cbb4fd5-bf8c-48b9-840b-0593c9572412" testId="3e1f6a31-17a5-c953-95f1-fdba0354fa37" testName="GetPriceWhenMultibuyDiscountAppliedItemsReturnsPrice" computerName="MM5438" duration="00:00:00.0007423" startTime="2013-02-18T21:21:11.2447703+00:00" endTime="2013-02-18T21:21:11.2487705+00:00" testType="13cdc9d9-ddb5-4fa4-a97d-d965ccfc6d4b" outcome="Passed" testListId="8c84fa94-04c1-424b-9868-57a2d4851a1d" relativeResultsDirectory="1cbb4fd5-bf8c-48b9-840b-0593c9572412">
    </UnitTestResult>
    <UnitTestResult executionId="18891cf3-003b-4045-8ee1-eb7c6fbca783" testId="a0ec63a4-2d3e-4efd-40c6-419d82470765" testName="GetPriceWhenMultibuyDiscountAppliedTwiceItemsReturnsPrice" computerName="MM5438" duration="00:00:00.0002026" startTime="2013-02-18T21:21:11.2497706+00:00" endTime="2013-02-18T21:21:11.2537708+00:00" testType="13cdc9d9-ddb5-4fa4-a97d-d965ccfc6d4b" outcome="Passed" testListId="8c84fa94-04c1-424b-9868-57a2d4851a1d" relativeResultsDirectory="18891cf3-003b-4045-8ee1-eb7c6fbca783">
    </UnitTestResult>
  </Results>
</TestRun>