<?xml version="1.0" encoding="UTF-8"?>
<TestRun id="8d53a149-3637-4299-af8f-e6642a842129" name="UKRGOKM@MM5438 2013-02-18 21:07:17" runUser="CORP\UKRGOKM" xmlns="http://microsoft.com/schemas/VisualStudio/TeamTest/2010">
  <TestSettings name="Local" id="503acf7b-43d1-4700-a4bc-680fdf9e7651">
    <Description>These are default test settings for a local test run.</Description>
    <Deployment enabled="false" runDeploymentRoot="UKRGOKM_MM5438 2013-02-18 21_07_17">
      <DeploymentItem filename="C:\Dev\CheckoutKata\CheckoutKata\bin\Debug\CheckoutKata.dll" />
    </Deployment>
    <Execution>
      <TestTypeSpecific />
      <AgentRule name="Execution Agents">
      </AgentRule>
    </Execution>
  </TestSettings>
  <Times creation="2013-02-18T21:07:17.5090833+00:00" queuing="2013-02-18T21:07:17.5760872+00:00" start="2013-02-18T21:07:17.5800874+00:00" finish="2013-02-18T21:07:17.7810989+00:00" />
  <ResultSummary outcome="Completed">
    <Counters total="5" executed="5" passed="5" error="0" failed="0" timeout="0" aborted="0" inconclusive="0" passedButRunAborted="0" notRunnable="0" notExecuted="0" disconnected="0" warning="0" completed="0" inProgress="0" pending="0" />
  </ResultSummary>
  <TestDefinitions>
    <UnitTest name="GetPriceWhenScannedTwoItemsReturnsPrice" storage="c:\dev\checkoutkata\checkoutkata_test\bin\debug\checkoutkata_test.dll" id="027db3c8-59cc-9b4c-7c1f-1dab22c9abb0">
      <Execution id="ad970d82-59f8-489b-a026-ba4aff7dd059" />
      <TestMethod codeBase="C:/Dev/CheckoutKata/CheckoutKata_Test/bin/Debug/CheckoutKata_Test.DLL" adapterTypeName="Microsoft.VisualStudio.TestTools.TestTypes.Unit.UnitTestAdapter, Microsoft.VisualStudio.QualityTools.Tips.UnitTest.Adapter, Version=10.0.0.0, Culture=neutral, PublicKeyToken=b03f5f7f11d50a3a" className="CheckoutKata_Test.SimpleCheckoutTests, CheckoutKata_Test, Version=1.0.0.0, Culture=neutral, PublicKeyToken=null" name="GetPriceWhenScannedTwoItemsReturnsPrice" />
    </UnitTest>
    <UnitTest name="GetPriceWhenSingleItemScannedReturnsPrice" storage="c:\dev\checkoutkata\checkoutkata_test\bin\debug\checkoutkata_test.dll" id="257bc96f-2495-c94b-06a9-bc705381c5fd">
      <Execution id="fe923984-db10-41cc-b747-82cbf01dd001" />
      <TestMethod codeBase="C:/Dev/CheckoutKata/CheckoutKata_Test/bin/Debug/CheckoutKata_Test.DLL" adapterTypeName="Microsoft.VisualStudio.TestTools.TestTypes.Unit.UnitTestAdapter, Microsoft.VisualStudio.QualityTools.Tips.UnitTest.Adapter, Version=10.0.0.0, Culture=neutral, PublicKeyToken=b03f5f7f11d50a3a" className="CheckoutKata_Test.SimpleCheckoutTests, CheckoutKata_Test, Version=1.0.0.0, Culture=neutral, PublicKeyToken=null" name="GetPriceWhenSingleItemScannedReturnsPrice" />
    </UnitTest>
    <UnitTest name="GetPriceWhenNoItemsScannedReturnsZero" storage="c:\dev\checkoutkata\checkoutkata_test\bin\debug\checkoutkata_test.dll" id="107f5601-136b-014b-db20-1b0659491897">
      <Execution id="84f348a6-b56b-4b06-a5ba-f24d1e87e0cd" />
      <TestMethod codeBase="C:/Dev/CheckoutKata/CheckoutKata_Test/bin/Debug/CheckoutKata_Test.DLL" adapterTypeName="Microsoft.VisualStudio.TestTools.TestTypes.Unit.UnitTestAdapter, Microsoft.VisualStudio.QualityTools.Tips.UnitTest.Adapter, Version=10.0.0.0, Culture=neutral, PublicKeyToken=b03f5f7f11d50a3a" className="CheckoutKata_Test.SimpleCheckoutTests, CheckoutKata_Test, Version=1.0.0.0, Culture=neutral, PublicKeyToken=null" name="GetPriceWhenNoItemsScannedReturnsZero" />
    </UnitTest>
    <UnitTest name="GetPriceWhenMultibuyDiscountAppliedItemsReturnsPrice" storage="c:\dev\checkoutkata\checkoutkata_test\bin\debug\checkoutkata_test.dll" id="3e1f6a31-17a5-c953-95f1-fdba0354fa37">
      <Execution id="e10f867b-1095-4340-b135-93afddf3f406" />
      <TestMethod codeBase="C:/Dev/CheckoutKata/CheckoutKata_Test/bin/Debug/CheckoutKata_Test.DLL" adapterTypeName="Microsoft.VisualStudio.TestTools.TestTypes.Unit.UnitTestAdapter, Microsoft.VisualStudio.QualityTools.Tips.UnitTest.Adapter, Version=10.0.0.0, Culture=neutral, PublicKeyToken=b03f5f7f11d50a3a" className="CheckoutKata_Test.SimpleCheckoutTests, CheckoutKata_Test, Version=1.0.0.0, Culture=neutral, PublicKeyToken=null" name="GetPriceWhenMultibuyDiscountAppliedItemsReturnsPrice" />
    </UnitTest>
    <UnitTest name="GetPriceWhenMultibuyDiscountAppliedTwiceItemsReturnsPrice" storage="c:\dev\checkoutkata\checkoutkata_test\bin\debug\checkoutkata_test.dll" id="a0ec63a4-2d3e-4efd-40c6-419d82470765">
      <Execution id="99d9660b-f869-45eb-a2b6-1174e1e125e4" />
      <TestMethod codeBase="C:/Dev/CheckoutKata/CheckoutKata_Test/bin/Debug/CheckoutKata_Test.DLL" adapterTypeName="Microsoft.VisualStudio.TestTools.TestTypes.Unit.UnitTestAdapter, Microsoft.VisualStudio.QualityTools.Tips.UnitTest.Adapter, Version=10.0.0.0, Culture=neutral, PublicKeyToken=b03f5f7f11d50a3a" className="CheckoutKata_Test.SimpleCheckoutTests, CheckoutKata_Test, Version=1.0.0.0, Culture=neutral, PublicKeyToken=null" name="GetPriceWhenMultibuyDiscountAppliedTwiceItemsReturnsPrice" />
    </UnitTest>
  </TestDefinitions>
  <TestLists>
    <TestList name="Results Not in a List" id="8c84fa94-04c1-424b-9868-57a2d4851a1d" />
    <TestList name="All Loaded Results" id="19431567-8539-422a-85d7-44ee4e166bda" />
  </TestLists>
  <TestEntries>
    <TestEntry testId="027db3c8-59cc-9b4c-7c1f-1dab22c9abb0" executionId="ad970d82-59f8-489b-a026-ba4aff7dd059" testListId="8c84fa94-04c1-424b-9868-57a2d4851a1d" />
    <TestEntry testId="107f5601-136b-014b-db20-1b0659491897" executionId="84f348a6-b56b-4b06-a5ba-f24d1e87e0cd" testListId="8c84fa94-04c1-424b-9868-57a2d4851a1d" />
    <TestEntry testId="257bc96f-2495-c94b-06a9-bc705381c5fd" executionId="fe923984-db10-41cc-b747-82cbf01dd001" testListId="8c84fa94-04c1-424b-9868-57a2d4851a1d" />
    <TestEntry testId="3e1f6a31-17a5-c953-95f1-fdba0354fa37" executionId="e10f867b-1095-4340-b135-93afddf3f406" testListId="8c84fa94-04c1-424b-9868-57a2d4851a1d" />
    <TestEntry testId="a0ec63a4-2d3e-4efd-40c6-419d82470765" executionId="99d9660b-f869-45eb-a2b6-1174e1e125e4" testListId="8c84fa94-04c1-424b-9868-57a2d4851a1d" />
  </TestEntries>
  <Results>
    <UnitTestResult executionId="ad970d82-59f8-489b-a026-ba4aff7dd059" testId="027db3c8-59cc-9b4c-7c1f-1dab22c9abb0" testName="GetPriceWhenScannedTwoItemsReturnsPrice" computerName="MM5438" duration="00:00:00.0113713" startTime="2013-02-18T21:07:17.5830876+00:00" endTime="2013-02-18T21:07:17.7410966+00:00" testType="13cdc9d9-ddb5-4fa4-a97d-d965ccfc6d4b" outcome="Passed" testListId="8c84fa94-04c1-424b-9868-57a2d4851a1d" relativeResultsDirectory="ad970d82-59f8-489b-a026-ba4aff7dd059">
    </UnitTestResult>
    <UnitTestResult executionId="84f348a6-b56b-4b06-a5ba-f24d1e87e0cd" testId="107f5601-136b-014b-db20-1b0659491897" testName="GetPriceWhenNoItemsScannedReturnsZero" computerName="MM5438" duration="00:00:00.0001701" startTime="2013-02-18T21:07:17.7440968+00:00" endTime="2013-02-18T21:07:17.7480970+00:00" testType="13cdc9d9-ddb5-4fa4-a97d-d965ccfc6d4b" outcome="Passed" testListId="8c84fa94-04c1-424b-9868-57a2d4851a1d" relativeResultsDirectory="84f348a6-b56b-4b06-a5ba-f24d1e87e0cd">
    </UnitTestResult>
    <UnitTestResult executionId="fe923984-db10-41cc-b747-82cbf01dd001" testId="257bc96f-2495-c94b-06a9-bc705381c5fd" testName="GetPriceWhenSingleItemScannedReturnsPrice" computerName="MM5438" duration="00:00:00.0001937" startTime="2013-02-18T21:07:17.7500971+00:00" endTime="2013-02-18T21:07:17.7530973+00:00" testType="13cdc9d9-ddb5-4fa4-a97d-d965ccfc6d4b" outcome="Passed" testListId="8c84fa94-04c1-424b-9868-57a2d4851a1d" relativeResultsDirectory="fe923984-db10-41cc-b747-82cbf01dd001">
    </UnitTestResult>
    <UnitTestResult executionId="e10f867b-1095-4340-b135-93afddf3f406" testId="3e1f6a31-17a5-c953-95f1-fdba0354fa37" testName="GetPriceWhenMultibuyDiscountAppliedItemsReturnsPrice" computerName="MM5438" duration="00:00:00.0007414" startTime="2013-02-18T21:07:17.7550974+00:00" endTime="2013-02-18T21:07:17.7600977+00:00" testType="13cdc9d9-ddb5-4fa4-a97d-d965ccfc6d4b" outcome="Passed" testListId="8c84fa94-04c1-424b-9868-57a2d4851a1d" relativeResultsDirectory="e10f867b-1095-4340-b135-93afddf3f406">
    </UnitTestResult>
    <UnitTestResult executionId="99d9660b-f869-45eb-a2b6-1174e1e125e4" testId="a0ec63a4-2d3e-4efd-40c6-419d82470765" testName="GetPriceWhenMultibuyDiscountAppliedTwiceItemsReturnsPrice" computerName="MM5438" duration="00:00:00.0002360" startTime="2013-02-18T21:07:17.7610978+00:00" endTime="2013-02-18T21:07:17.7640979+00:00" testType="13cdc9d9-ddb5-4fa4-a97d-d965ccfc6d4b" outcome="Passed" testListId="8c84fa94-04c1-424b-9868-57a2d4851a1d" relativeResultsDirectory="99d9660b-f869-45eb-a2b6-1174e1e125e4">
    </UnitTestResult>
  </Results>
</TestRun>