<?xml version="1.0" encoding="UTF-8"?>
<TestRun id="162a2342-6cad-4f42-9cc2-26dbcf076371" name="UKRGOKM@MM5438 2013-02-18 20:49:22" runUser="CORP\UKRGOKM" xmlns="http://microsoft.com/schemas/VisualStudio/TeamTest/2010">
  <TestSettings name="Local" id="503acf7b-43d1-4700-a4bc-680fdf9e7651">
    <Description>These are default test settings for a local test run.</Description>
    <Deployment enabled="false" runDeploymentRoot="UKRGOKM_MM5438 2013-02-18 20_49_22">
      <DeploymentItem filename="C:\Dev\CheckoutKata\CheckoutKata\bin\Debug\CheckoutKata.dll" />
    </Deployment>
    <Execution>
      <TestTypeSpecific />
      <AgentRule name="Execution Agents">
      </AgentRule>
    </Execution>
  </TestSettings>
  <Times creation="2013-02-18T20:49:22.4615941+00:00" queuing="2013-02-18T20:49:22.4955961+00:00" start="2013-02-18T20:49:22.4995963+00:00" finish="2013-02-18T20:49:22.6766064+00:00" />
  <ResultSummary outcome="Completed">
    <Counters total="5" executed="5" passed="5" error="0" failed="0" timeout="0" aborted="0" inconclusive="0" passedButRunAborted="0" notRunnable="0" notExecuted="0" disconnected="0" warning="0" completed="0" inProgress="0" pending="0" />
  </ResultSummary>
  <TestDefinitions>
    <UnitTest name="GetPriceWhenScannedTwoItemsReturnsPrice" storage="c:\dev\checkoutkata\checkoutkata_test\bin\debug\checkoutkata_test.dll" id="027db3c8-59cc-9b4c-7c1f-1dab22c9abb0">
      <Execution id="76e04f1d-228a-46df-991a-4ae218b8f3b0" />
      <TestMethod codeBase="C:/Dev/CheckoutKata/CheckoutKata_Test/bin/Debug/CheckoutKata_Test.DLL" adapterTypeName="Microsoft.VisualStudio.TestTools.TestTypes.Unit.UnitTestAdapter, Microsoft.VisualStudio.QualityTools.Tips.UnitTest.Adapter, Version=10.0.0.0, Culture=neutral, PublicKeyToken=b03f5f7f11d50a3a" className="CheckoutKata_Test.SimpleCheckoutTests, CheckoutKata_Test, Version=1.0.0.0, Culture=neutral, PublicKeyToken=null" name="GetPriceWhenScannedTwoItemsReturnsPrice" />
    </UnitTest>
    <UnitTest name="GetPriceWhenSingleItemScannedReturnsPrice" storage="c:\dev\checkoutkata\checkoutkata_test\bin\debug\checkoutkata_test.dll" id="257bc96f-2495-c94b-06a9-bc705381c5fd">
      <Execution id="9864a79d-41e5-44ae-aa9b-ce03eabdb562" />
      <TestMethod codeBase="C:/Dev/CheckoutKata/CheckoutKata_Test/bin/Debug/CheckoutKata_Test.DLL" adapterTypeName="Microsoft.VisualStudio.TestTools.TestTypes.Unit.UnitTestAdapter, Microsoft.VisualStudio.QualityTools.Tips.UnitTest.Adapter, Version=10.0.0.0, Culture=neutral, PublicKeyToken=b03f5f7f11d50a3a" className="CheckoutKata_Test.SimpleCheckoutTests, CheckoutKata_Test, Version=1.0.0.0, Culture=neutral, PublicKeyToken=null" name="GetPriceWhenSingleItemScannedReturnsPrice" />
    </UnitTest>
    <UnitTest name="GetPriceWhenNoItemsScannedReturnsZero" storage="c:\dev\checkoutkata\checkoutkata_test\bin\debug\checkoutkata_test.dll" id="107f5601-136b-014b-db20-1b0659491897">
      <Execution id="9c6d3b92-9ca4-4c7a-8d37-82e5a5cb7ab3" />
      <TestMethod codeBase="C:/Dev/CheckoutKata/CheckoutKata_Test/bin/Debug/CheckoutKata_Test.DLL" adapterTypeName="Microsoft.VisualStudio.TestTools.TestTypes.Unit.UnitTestAdapter, Microsoft.VisualStudio.QualityTools.Tips.UnitTest.Adapter, Version=10.0.0.0, Culture=neutral, PublicKeyToken=b03f5f7f11d50a3a" className="CheckoutKata_Test.SimpleCheckoutTests, CheckoutKata_Test, Version=1.0.0.0, Culture=neutral, PublicKeyToken=null" name="GetPriceWhenNoItemsScannedReturnsZero" />
    </UnitTest>
    <UnitTest name="GetPriceWhenMultibuyDiscountAppliedItemsReturnsPrice" storage="c:\dev\checkoutkata\checkoutkata_test\bin\debug\checkoutkata_test.dll" id="3e1f6a31-17a5-c953-95f1-fdba0354fa37">
      <Execution id="9115705c-3be4-4542-9225-51eb719970a6" />
      <TestMethod codeBase="C:/Dev/CheckoutKata/CheckoutKata_Test/bin/Debug/CheckoutKata_Test.DLL" adapterTypeName="Microsoft.VisualStudio.TestTools.TestTypes.Unit.UnitTestAdapter, Microsoft.VisualStudio.QualityTools.Tips.UnitTest.Adapter, Version=10.0.0.0, Culture=neutral, PublicKeyToken=b03f5f7f11d50a3a" className="CheckoutKata_Test.SimpleCheckoutTests, CheckoutKata_Test, Version=1.0.0.0, Culture=neutral, PublicKeyToken=null" name="GetPriceWhenMultibuyDiscountAppliedItemsReturnsPrice" />
    </UnitTest>
    <UnitTest name="GetPriceWhenMultibuyDiscountAppliedTwiceItemsReturnsPrice" storage="c:\dev\checkoutkata\checkoutkata_test\bin\debug\checkoutkata_test.dll" id="a0ec63a4-2d3e-4efd-40c6-419d82470765">
      <Execution id="406ac9d3-d3b0-48aa-ab8f-4e920beacbd0" />
      <TestMethod codeBase="C:/Dev/CheckoutKata/CheckoutKata_Test/bin/Debug/CheckoutKata_Test.DLL" adapterTypeName="Microsoft.VisualStudio.TestTools.TestTypes.Unit.UnitTestAdapter, Microsoft.VisualStudio.QualityTools.Tips.UnitTest.Adapter, Version=10.0.0.0, Culture=neutral, PublicKeyToken=b03f5f7f11d50a3a" className="CheckoutKata_Test.SimpleCheckoutTests, CheckoutKata_Test, Version=1.0.0.0, Culture=neutral, PublicKeyToken=null" name="GetPriceWhenMultibuyDiscountAppliedTwiceItemsReturnsPrice" />
    </UnitTest>
  </TestDefinitions>
  <TestLists>
    <TestList name="Results Not in a List" id="8c84fa94-04c1-424b-9868-57a2d4851a1d" />
    <TestList name="All Loaded Results" id="19431567-8539-422a-85d7-44ee4e166bda" />
  </TestLists>
  <TestEntries>
    <TestEntry testId="027db3c8-59cc-9b4c-7c1f-1dab22c9abb0" executionId="76e04f1d-228a-46df-991a-4ae218b8f3b0" testListId="8c84fa94-04c1-424b-9868-57a2d4851a1d" />
    <TestEntry testId="107f5601-136b-014b-db20-1b0659491897" executionId="9c6d3b92-9ca4-4c7a-8d37-82e5a5cb7ab3" testListId="8c84fa94-04c1-424b-9868-57a2d4851a1d" />
    <TestEntry testId="257bc96f-2495-c94b-06a9-bc705381c5fd" executionId="9864a79d-41e5-44ae-aa9b-ce03eabdb562" testListId="8c84fa94-04c1-424b-9868-57a2d4851a1d" />
    <TestEntry testId="3e1f6a31-17a5-c953-95f1-fdba0354fa37" executionId="9115705c-3be4-4542-9225-51eb719970a6" testListId="8c84fa94-04c1-424b-9868-57a2d4851a1d" />
    <TestEntry testId="a0ec63a4-2d3e-4efd-40c6-419d82470765" executionId="406ac9d3-d3b0-48aa-ab8f-4e920beacbd0" testListId="8c84fa94-04c1-424b-9868-57a2d4851a1d" />
  </TestEntries>
  <Results>
    <UnitTestResult executionId="76e04f1d-228a-46df-991a-4ae218b8f3b0" testId="027db3c8-59cc-9b4c-7c1f-1dab22c9abb0" testName="GetPriceWhenScannedTwoItemsReturnsPrice" computerName="MM5438" duration="00:00:00.0156886" startTime="2013-02-18T20:49:22.5025965+00:00" endTime="2013-02-18T20:49:22.6466047+00:00" testType="13cdc9d9-ddb5-4fa4-a97d-d965ccfc6d4b" outcome="Passed" testListId="8c84fa94-04c1-424b-9868-57a2d4851a1d" relativeResultsDirectory="76e04f1d-228a-46df-991a-4ae218b8f3b0">
    </UnitTestResult>
    <UnitTestResult executionId="9c6d3b92-9ca4-4c7a-8d37-82e5a5cb7ab3" testId="107f5601-136b-014b-db20-1b0659491897" testName="GetPriceWhenNoItemsScannedReturnsZero" computerName="MM5438" duration="00:00:00.0001654" startTime="2013-02-18T20:49:22.6486048+00:00" endTime="2013-02-18T20:49:22.6516050+00:00" testType="13cdc9d9-ddb5-4fa4-a97d-d965ccfc6d4b" outcome="Passed" testListId="8c84fa94-04c1-424b-9868-57a2d4851a1d" relativeResultsDirectory="9c6d3b92-9ca4-4c7a-8d37-82e5a5cb7ab3">
    </UnitTestResult>
    <UnitTestResult executionId="9864a79d-41e5-44ae-aa9b-ce03eabdb562" testId="257bc96f-2495-c94b-06a9-bc705381c5fd" testName="GetPriceWhenSingleItemScannedReturnsPrice" computerName="MM5438" duration="00:00:00.0001748" startTime="2013-02-18T20:49:22.6526051+00:00" endTime="2013-02-18T20:49:22.6556052+00:00" testType="13cdc9d9-ddb5-4fa4-a97d-d965ccfc6d4b" outcome="Passed" testListId="8c84fa94-04c1-424b-9868-57a2d4851a1d" relativeResultsDirectory="9864a79d-41e5-44ae-aa9b-ce03eabdb562">
    </UnitTestResult>
    <UnitTestResult executionId="9115705c-3be4-4542-9225-51eb719970a6" testId="3e1f6a31-17a5-c953-95f1-fdba0354fa37" testName="GetPriceWhenMultibuyDiscountAppliedItemsReturnsPrice" computerName="MM5438" duration="00:00:00.0006504" startTime="2013-02-18T20:49:22.6576054+00:00" endTime="2013-02-18T20:49:22.6616056+00:00" testType="13cdc9d9-ddb5-4fa4-a97d-d965ccfc6d4b" outcome="Passed" testListId="8c84fa94-04c1-424b-9868-57a2d4851a1d" relativeResultsDirectory="9115705c-3be4-4542-9225-51eb719970a6">
    </UnitTestResult>
    <UnitTestResult executionId="406ac9d3-d3b0-48aa-ab8f-4e920beacbd0" testId="a0ec63a4-2d3e-4efd-40c6-419d82470765" testName="GetPriceWhenMultibuyDiscountAppliedTwiceItemsReturnsPrice" computerName="MM5438" duration="00:00:00.0002065" startTime="2013-02-18T20:49:22.6636057+00:00" endTime="2013-02-18T20:49:22.6666059+00:00" testType="13cdc9d9-ddb5-4fa4-a97d-d965ccfc6d4b" outcome="Passed" testListId="8c84fa94-04c1-424b-9868-57a2d4851a1d" relativeResultsDirectory="406ac9d3-d3b0-48aa-ab8f-4e920beacbd0">
    </UnitTestResult>
  </Results>
</TestRun>