<?xml version="1.0" encoding="UTF-8"?>
<TestRun id="46f8079e-8b62-475f-bc3d-3f9f078d52fa" name="UKRGOKM@MM5438 2013-02-18 21:34:46" runUser="CORP\UKRGOKM" xmlns="http://microsoft.com/schemas/VisualStudio/TeamTest/2010">
  <TestSettings name="Local" id="503acf7b-43d1-4700-a4bc-680fdf9e7651">
    <Description>These are default test settings for a local test run.</Description>
    <Deployment enabled="false" runDeploymentRoot="UKRGOKM_MM5438 2013-02-18 21_34_46">
      <DeploymentItem filename="C:\Dev\CheckoutKata\CheckoutKata\bin\Debug\CheckoutKata.dll" />
    </Deployment>
    <Execution>
      <TestTypeSpecific />
      <AgentRule name="Execution Agents">
      </AgentRule>
    </Execution>
  </TestSettings>
  <Times creation="2013-02-18T21:34:46.2313849+00:00" queuing="2013-02-18T21:34:46.2803877+00:00" start="2013-02-18T21:34:46.2843879+00:00" finish="2013-02-18T21:34:46.5264017+00:00" />
  <ResultSummary outcome="Failed">
    <Counters total="5" executed="5" passed="4" error="0" failed="1" timeout="0" aborted="0" inconclusive="0" passedButRunAborted="0" notRunnable="0" notExecuted="0" disconnected="0" warning="0" completed="0" inProgress="0" pending="0" />
  </ResultSummary>
  <TestDefinitions>
    <UnitTest name="GetPriceWhenScannedTwoItemsReturnsPrice" storage="c:\dev\checkoutkata\checkoutkata_test\bin\debug\checkoutkata_test.dll" id="027db3c8-59cc-9b4c-7c1f-1dab22c9abb0">
      <Execution id="7d802fb8-a271-4d87-9c78-a2ce57ac1557" />
      <TestMethod codeBase="C:/Dev/CheckoutKata/CheckoutKata_Test/bin/Debug/CheckoutKata_Test.DLL" adapterTypeName="Microsoft.VisualStudio.TestTools.TestTypes.Unit.UnitTestAdapter, Microsoft.VisualStudio.QualityTools.Tips.UnitTest.Adapter, Version=10.0.0.0, Culture=neutral, PublicKeyToken=b03f5f7f11d50a3a" className="CheckoutKata_Test.SimpleCheckoutTests, CheckoutKata_Test, Version=1.0.0.0, Culture=neutral, PublicKeyToken=null" name="GetPriceWhenScannedTwoItemsReturnsPrice" />
    </UnitTest>
    <UnitTest name="GetPriceWhenSingleItemScannedReturnsPrice" storage="c:\dev\checkoutkata\checkoutkata_test\bin\debug\checkoutkata_test.dll" id="257bc96f-2495-c94b-06a9-bc705381c5fd">
      <Execution id="0f25793d-bae1-4122-bdb6-cfae7978b564" />
      <TestMethod codeBase="C:/Dev/CheckoutKata/CheckoutKata_Test/bin/Debug/CheckoutKata_Test.DLL" adapterTypeName="Microsoft.VisualStudio.TestTools.TestTypes.Unit.UnitTestAdapter, Microsoft.VisualStudio.QualityTools.Tips.UnitTest.Adapter, Version=10.0.0.0, Culture=neutral, PublicKeyToken=b03f5f7f11d50a3a" className="CheckoutKata_Test.SimpleCheckoutTests, CheckoutKata_Test, Version=1.0.0.0, Culture=neutral, PublicKeyToken=null" name="GetPriceWhenSingleItemScannedReturnsPrice" />
    </UnitTest>
    <UnitTest name="GetPriceWhenNoItemsScannedReturnsZero" storage="c:\dev\checkoutkata\checkoutkata_test\bin\debug\checkoutkata_test.dll" id="107f5601-136b-014b-db20-1b0659491897">
      <Execution id="5d3ff5fa-2fa4-4881-b1aa-3ae17254b835" />
      <TestMethod codeBase="C:/Dev/CheckoutKata/CheckoutKata_Test/bin/Debug/CheckoutKata_Test.DLL" adapterTypeName="Microsoft.VisualStudio.TestTools.TestTypes.Unit.UnitTestAdapter, Microsoft.VisualStudio.QualityTools.Tips.UnitTest.Adapter, Version=10.0.0.0, Culture=neutral, PublicKeyToken=b03f5f7f11d50a3a" className="CheckoutKata_Test.SimpleCheckoutTests, CheckoutKata_Test, Version=1.0.0.0, Culture=neutral, PublicKeyToken=null" name="GetPriceWhenNoItemsScannedReturnsZero" />
    </UnitTest>
    <UnitTest name="GetPriceWhenMultibuyDiscountAppliedItemsReturnsPrice" storage="c:\dev\checkoutkata\checkoutkata_test\bin\debug\checkoutkata_test.dll" id="3e1f6a31-17a5-c953-95f1-fdba0354fa37">
      <Execution id="673ba69e-243b-4f85-a315-b2df20c41dda" />
      <TestMethod codeBase="C:/Dev/CheckoutKata/CheckoutKata_Test/bin/Debug/CheckoutKata_Test.DLL" adapterTypeName="Microsoft.VisualStudio.TestTools.TestTypes.Unit.UnitTestAdapter, Microsoft.VisualStudio.QualityTools.Tips.UnitTest.Adapter, Version=10.0.0.0, Culture=neutral, PublicKeyToken=b03f5f7f11d50a3a" className="CheckoutKata_Test.SimpleCheckoutTests, CheckoutKata_Test, Version=1.0.0.0, Culture=neutral, PublicKeyToken=null" name="GetPriceWhenMultibuyDiscountAppliedItemsReturnsPrice" />
    </UnitTest>
    <UnitTest name="GetPriceWhenMultibuyDiscountAppliedTwiceItemsReturnsPrice" storage="c:\dev\checkoutkata\checkoutkata_test\bin\debug\checkoutkata_test.dll" id="a0ec63a4-2d3e-4efd-40c6-419d82470765">
      <Execution id="edace36a-a7a1-4f36-83ee-9a3bcd0d62bd" />
      <TestMethod codeBase="C:/Dev/CheckoutKata/CheckoutKata_Test/bin/Debug/CheckoutKata_Test.DLL" adapterTypeName="Microsoft.VisualStudio.TestTools.TestTypes.Unit.UnitTestAdapter, Microsoft.VisualStudio.QualityTools.Tips.UnitTest.Adapter, Version=10.0.0.0, Culture=neutral, PublicKeyToken=b03f5f7f11d50a3a" className="CheckoutKata_Test.SimpleCheckoutTests, CheckoutKata_Test, Version=1.0.0.0, Culture=neutral, PublicKeyToken=null" name="GetPriceWhenMultibuyDiscountAppliedTwiceItemsReturnsPrice" />
    </UnitTest>
  </TestDefinitions>
  <TestLists>
    <TestList name="Results Not in a List" id="8c84fa94-04c1-424b-9868-57a2d4851a1d" />
    <TestList name="All Loaded Results" id="19431567-8539-422a-85d7-44ee4e166bda" />
  </TestLists>
  <TestEntries>
    <TestEntry testId="027db3c8-59cc-9b4c-7c1f-1dab22c9abb0" executionId="7d802fb8-a271-4d87-9c78-a2ce57ac1557" testListId="8c84fa94-04c1-424b-9868-57a2d4851a1d" />
    <TestEntry testId="107f5601-136b-014b-db20-1b0659491897" executionId="5d3ff5fa-2fa4-4881-b1aa-3ae17254b835" testListId="8c84fa94-04c1-424b-9868-57a2d4851a1d" />
    <TestEntry testId="257bc96f-2495-c94b-06a9-bc705381c5fd" executionId="0f25793d-bae1-4122-bdb6-cfae7978b564" testListId="8c84fa94-04c1-424b-9868-57a2d4851a1d" />
    <TestEntry testId="3e1f6a31-17a5-c953-95f1-fdba0354fa37" executionId="673ba69e-243b-4f85-a315-b2df20c41dda" testListId="8c84fa94-04c1-424b-9868-57a2d4851a1d" />
    <TestEntry testId="a0ec63a4-2d3e-4efd-40c6-419d82470765" executionId="edace36a-a7a1-4f36-83ee-9a3bcd0d62bd" testListId="8c84fa94-04c1-424b-9868-57a2d4851a1d" />
  </TestEntries>
  <Results>
    <UnitTestResult executionId="7d802fb8-a271-4d87-9c78-a2ce57ac1557" testId="027db3c8-59cc-9b4c-7c1f-1dab22c9abb0" testName="GetPriceWhenScannedTwoItemsReturnsPrice" computerName="MM5438" duration="00:00:00.0784843" startTime="2013-02-18T21:34:46.2863880+00:00" endTime="2013-02-18T21:34:46.4954000+00:00" testType="13cdc9d9-ddb5-4fa4-a97d-d965ccfc6d4b" outcome="Failed" testListId="8c84fa94-04c1-424b-9868-57a2d4851a1d" relativeResultsDirectory="7d802fb8-a271-4d87-9c78-a2ce57ac1557">
      <Output>
        <ErrorInfo>
          <Message>Test method CheckoutKata_Test.SimpleCheckoutTests.GetPriceWhenScannedTwoItemsReturnsPrice threw exception: 
System.Collections.Generic.KeyNotFoundException: The given key was not present in the dictionary.</Message>
          <StackTrace>    at System.Collections.Generic.Dictionary`2.get_Item(TKey key)
   at CheckoutKata.PricingRules.Price(String item) in C:\Dev\CheckoutKata\CheckoutKata\PricingRules.cs:line 18
   at CheckoutKata.Checkout.UpdateTransactionTotal(String item) in C:\Dev\CheckoutKata\CheckoutKata\Checkout.cs:line 25
   at CheckoutKata.Checkout.Scan(String item) in C:\Dev\CheckoutKata\CheckoutKata\Checkout.cs:line 20
   at CheckoutKata_Test.SimpleCheckoutTests.&lt;&gt;c__DisplayClass1.&lt;ScanItems&gt;b__0(String item) in C:\Dev\CheckoutKata\CheckoutKata_Test\SimpleCheckoutTests.cs:line 14
   at System.Collections.Generic.List`1.ForEach(Action`1 action)
   at CheckoutKata_Test.SimpleCheckoutTests.ScanItems(Checkout checkout, String items) in C:\Dev\CheckoutKata\CheckoutKata_Test\SimpleCheckoutTests.cs:line 14
   at CheckoutKata_Test.SimpleCheckoutTests.GetPriceWhenScannedTwoItemsReturnsPrice() in C:\Dev\CheckoutKata\CheckoutKata_Test\SimpleCheckoutTests.cs:line 45
</StackTrace>
        </ErrorInfo>
      </Output>
    </UnitTestResult>
    <UnitTestResult executionId="5d3ff5fa-2fa4-4881-b1aa-3ae17254b835" testId="107f5601-136b-014b-db20-1b0659491897" testName="GetPriceWhenNoItemsScannedReturnsZero" computerName="MM5438" duration="00:00:00.0002232" startTime="2013-02-18T21:34:46.4964000+00:00" endTime="2013-02-18T21:34:46.5004003+00:00" testType="13cdc9d9-ddb5-4fa4-a97d-d965ccfc6d4b" outcome="Passed" testListId="8c84fa94-04c1-424b-9868-57a2d4851a1d" relativeResultsDirectory="5d3ff5fa-2fa4-4881-b1aa-3ae17254b835">
    </UnitTestResult>
    <UnitTestResult executionId="0f25793d-bae1-4122-bdb6-cfae7978b564" testId="257bc96f-2495-c94b-06a9-bc705381c5fd" testName="GetPriceWhenSingleItemScannedReturnsPrice" computerName="MM5438" duration="00:00:00.0004122" startTime="2013-02-18T21:34:46.5014003+00:00" endTime="2013-02-18T21:34:46.5044005+00:00" testType="13cdc9d9-ddb5-4fa4-a97d-d965ccfc6d4b" outcome="Passed" testListId="8c84fa94-04c1-424b-9868-57a2d4851a1d" relativeResultsDirectory="0f25793d-bae1-4122-bdb6-cfae7978b564">
    </UnitTestResult>
    <UnitTestResult executionId="673ba69e-243b-4f85-a315-b2df20c41dda" testId="3e1f6a31-17a5-c953-95f1-fdba0354fa37" testName="GetPriceWhenMultibuyDiscountAppliedItemsReturnsPrice" computerName="MM5438" duration="00:00:00.0008295" startTime="2013-02-18T21:34:46.5064006+00:00" endTime="2013-02-18T21:34:46.5104008+00:00" testType="13cdc9d9-ddb5-4fa4-a97d-d965ccfc6d4b" outcome="Passed" testListId="8c84fa94-04c1-424b-9868-57a2d4851a1d" relativeResultsDirectory="673ba69e-243b-4f85-a315-b2df20c41dda">
    </UnitTestResult>
    <UnitTestResult executionId="edace36a-a7a1-4f36-83ee-9a3bcd0d62bd" testId="a0ec63a4-2d3e-4efd-40c6-419d82470765" testName="GetPriceWhenMultibuyDiscountAppliedTwiceItemsReturnsPrice" computerName="MM5438" duration="00:00:00.0002146" startTime="2013-02-18T21:34:46.5124009+00:00" endTime="2013-02-18T21:34:46.5154011+00:00" testType="13cdc9d9-ddb5-4fa4-a97d-d965ccfc6d4b" outcome="Passed" testListId="8c84fa94-04c1-424b-9868-57a2d4851a1d" relativeResultsDirectory="edace36a-a7a1-4f36-83ee-9a3bcd0d62bd">
    </UnitTestResult>
  </Results>
</TestRun>